{
  "RSpec": {
    "coverage": {
      "/Users/faethonm/Development/prism/app/controllers/social_infos_controller.rb": [
        1,
        1,
        1,
        0,
        0,
        0,
        0,
        0,
        0,
        null,
        null,
        1,
        0,
        null,
        null,
        1,
        0,
        0,
        0,
        null,
        null,
        0,
        0,
        0,
        null,
        0,
        null,
        null,
        null,
        null,
        1,
        null,
        1,
        0,
        null,
        null
      ],
      "/Users/faethonm/Development/prism/lib/validator.rb": [
        1,
        null,
        1,
        1,
        0,
        0,
        0,
        0,
        0,
        0,
        null,
        0,
        0,
        0,
        null,
        null,
        0,
        null,
        null,
        0,
        null,
        null,
        1,
        0,
        null,
        null
      ],
      "/Users/faethonm/Development/prism/app/controllers/application_controller.rb": [
        1,
        null,
        null,
        1,
        null
      ]
    },
    "timestamp": 1459293473
  }
}
